<?xml version="1.0" encoding="UTF-8"?>
<testsuite xmlns:xsi="http://www.w3.org/2001/XMLSchema-instance" xsi:noNamespaceSchemaLocation="https://maven.apache.org/surefire/maven-surefire-plugin/xsd/surefire-test-report.xsd" name="com.metaweather.api.AppTest" time="0.043" tests="1" errors="0" skipped="0" failures="0">
  <properties>
    <property name="awt.toolkit" value="sun.awt.X11.XToolkit"/>
    <property name="java.specification.version" value="11"/>
    <property name="sun.cpu.isalist" value=""/>
    <property name="sun.jnu.encoding" value="UTF-8"/>
    <property name="java.class.path" value="/home/codespace/workspace/testsuite/target/test-classes:/home/codespace/workspace/testsuite/target/classes:/home/codespace/.m2/repository/io/rest-assured/rest-assured/4.3.1/rest-assured-4.3.1.jar:/home/codespace/.m2/repository/org/codehaus/groovy/groovy/3.0.3/groovy-3.0.3.jar:/home/codespace/.m2/repository/org/codehaus/groovy/groovy-xml/3.0.3/groovy-xml-3.0.3.jar:/home/codespace/.m2/repository/org/apache/httpcomponents/httpclient/4.5.3/httpclient-4.5.3.jar:/home/codespace/.m2/repository/org/apache/httpcomponents/httpcore/4.4.6/httpcore-4.4.6.jar:/home/codespace/.m2/repository/commons-logging/commons-logging/1.2/commons-logging-1.2.jar:/home/codespace/.m2/repository/commons-codec/commons-codec/1.9/commons-codec-1.9.jar:/home/codespace/.m2/repository/org/apache/httpcomponents/httpmime/4.5.3/httpmime-4.5.3.jar:/home/codespace/.m2/repository/org/hamcrest/hamcrest/2.1/hamcrest-2.1.jar:/home/codespace/.m2/repository/org/ccil/cowan/tagsoup/tagsoup/1.2.1/tagsoup-1.2.1.jar:/home/codespace/.m2/repository/io/rest-assured/json-path/4.3.1/json-path-4.3.1.jar:/home/codespace/.m2/repository/org/codehaus/groovy/groovy-json/3.0.3/groovy-json-3.0.3.jar:/home/codespace/.m2/repository/io/rest-assured/rest-assured-common/4.3.1/rest-assured-common-4.3.1.jar:/home/codespace/.m2/repository/io/rest-assured/xml-path/4.3.1/xml-path-4.3.1.jar:/home/codespace/.m2/repository/org/apache/commons/commons-lang3/3.4/commons-lang3-3.4.jar:/home/codespace/.m2/repository/jakarta/xml/bind/jakarta.xml.bind-api/2.3.3/jakarta.xml.bind-api-2.3.3.jar:/home/codespace/.m2/repository/jakarta/activation/jakarta.activation-api/1.2.2/jakarta.activation-api-1.2.2.jar:/home/codespace/.m2/repository/com/sun/xml/bind/jaxb-impl/2.3.3/jaxb-impl-2.3.3.jar:/home/codespace/.m2/repository/junit/junit/4.11/junit-4.11.jar:/home/codespace/.m2/repository/org/hamcrest/hamcrest-core/1.3/hamcrest-core-1.3.jar:"/>
    <property name="java.vm.vendor" value="AdoptOpenJDK"/>
    <property name="sun.arch.data.model" value="64"/>
    <property name="java.vendor.url" value="https://adoptopenjdk.net/"/>
    <property name="user.timezone" value=""/>
    <property name="java.vm.specification.version" value="11"/>
    <property name="os.name" value="Linux"/>
    <property name="sun.java.launcher" value="SUN_STANDARD"/>
    <property name="sun.boot.library.path" value="/usr/local/sdkman/candidates/java/11.0.8.hs-adpt/lib"/>
    <property name="sun.java.command" value="/home/codespace/workspace/testsuite/target/surefire/surefirebooter14613163544085104126.jar /home/codespace/workspace/testsuite/target/surefire 2020-10-06T16-51-57_205-jvmRun1 surefire1380812218061313212tmp surefire_016084751062317315668tmp"/>
    <property name="jdk.debug" value="release"/>
    <property name="surefire.test.class.path" value="/home/codespace/workspace/testsuite/target/test-classes:/home/codespace/workspace/testsuite/target/classes:/home/codespace/.m2/repository/io/rest-assured/rest-assured/4.3.1/rest-assured-4.3.1.jar:/home/codespace/.m2/repository/org/codehaus/groovy/groovy/3.0.3/groovy-3.0.3.jar:/home/codespace/.m2/repository/org/codehaus/groovy/groovy-xml/3.0.3/groovy-xml-3.0.3.jar:/home/codespace/.m2/repository/org/apache/httpcomponents/httpclient/4.5.3/httpclient-4.5.3.jar:/home/codespace/.m2/repository/org/apache/httpcomponents/httpcore/4.4.6/httpcore-4.4.6.jar:/home/codespace/.m2/repository/commons-logging/commons-logging/1.2/commons-logging-1.2.jar:/home/codespace/.m2/repository/commons-codec/commons-codec/1.9/commons-codec-1.9.jar:/home/codespace/.m2/repository/org/apache/httpcomponents/httpmime/4.5.3/httpmime-4.5.3.jar:/home/codespace/.m2/repository/org/hamcrest/hamcrest/2.1/hamcrest-2.1.jar:/home/codespace/.m2/repository/org/ccil/cowan/tagsoup/tagsoup/1.2.1/tagsoup-1.2.1.jar:/home/codespace/.m2/repository/io/rest-assured/json-path/4.3.1/json-path-4.3.1.jar:/home/codespace/.m2/repository/org/codehaus/groovy/groovy-json/3.0.3/groovy-json-3.0.3.jar:/home/codespace/.m2/repository/io/rest-assured/rest-assured-common/4.3.1/rest-assured-common-4.3.1.jar:/home/codespace/.m2/repository/io/rest-assured/xml-path/4.3.1/xml-path-4.3.1.jar:/home/codespace/.m2/repository/org/apache/commons/commons-lang3/3.4/commons-lang3-3.4.jar:/home/codespace/.m2/repository/jakarta/xml/bind/jakarta.xml.bind-api/2.3.3/jakarta.xml.bind-api-2.3.3.jar:/home/codespace/.m2/repository/jakarta/activation/jakarta.activation-api/1.2.2/jakarta.activation-api-1.2.2.jar:/home/codespace/.m2/repository/com/sun/xml/bind/jaxb-impl/2.3.3/jaxb-impl-2.3.3.jar:/home/codespace/.m2/repository/junit/junit/4.11/junit-4.11.jar:/home/codespace/.m2/repository/org/hamcrest/hamcrest-core/1.3/hamcrest-core-1.3.jar:"/>
    <property name="sun.cpu.endian" value="little"/>
    <property name="user.home" value="/home/codespace"/>
    <property name="user.language" value="en"/>
    <property name="java.specification.vendor" value="Oracle Corporation"/>
    <property name="java.version.date" value="2020-07-14"/>
    <property name="java.home" value="/usr/local/sdkman/candidates/java/11.0.8.hs-adpt"/>
    <property name="file.separator" value="/"/>
    <property name="basedir" value="/home/codespace/workspace/testsuite"/>
    <property name="java.vm.compressedOopsMode" value="32-bit"/>
    <property name="line.separator" value="&#10;"/>
    <property name="java.specification.name" value="Java Platform API Specification"/>
    <property name="java.vm.specification.vendor" value="Oracle Corporation"/>
    <property name="java.awt.graphicsenv" value="sun.awt.X11GraphicsEnvironment"/>
    <property name="surefire.real.class.path" value="/home/codespace/workspace/testsuite/target/surefire/surefirebooter14613163544085104126.jar"/>
    <property name="sun.management.compiler" value="HotSpot 64-Bit Tiered Compilers"/>
    <property name="java.runtime.version" value="11.0.8+10"/>
    <property name="user.name" value="codespace"/>
    <property name="path.separator" value=":"/>
    <property name="os.version" value="5.4.0-1026-azure"/>
    <property name="java.runtime.name" value="OpenJDK Runtime Environment"/>
    <property name="file.encoding" value="UTF-8"/>
    <property name="java.vm.name" value="OpenJDK 64-Bit Server VM"/>
    <property name="java.vendor.version" value="AdoptOpenJDK"/>
    <property name="localRepository" value="/home/codespace/.m2/repository"/>
    <property name="java.vendor.url.bug" value="https://github.com/AdoptOpenJDK/openjdk-support/issues"/>
    <property name="java.io.tmpdir" value="/tmp"/>
    <property name="java.version" value="11.0.8"/>
    <property name="user.dir" value="/home/codespace/workspace/testsuite"/>
    <property name="os.arch" value="amd64"/>
    <property name="java.vm.specification.name" value="Java Virtual Machine Specification"/>
    <property name="java.awt.printerjob" value="sun.print.PSPrinterJob"/>
    <property name="sun.os.patch.level" value="unknown"/>
    <property name="java.library.path" value="/usr/java/packages/lib:/usr/lib64:/lib64:/lib:/usr/lib"/>
    <property name="java.vm.info" value="mixed mode"/>
    <property name="java.vendor" value="AdoptOpenJDK"/>
    <property name="java.vm.version" value="11.0.8+10"/>
    <property name="sun.io.unicode.encoding" value="UnicodeLittle"/>
    <property name="java.class.version" value="55.0"/>
  </properties>
  <testcase name="shouldAnswerWithTrue" classname="com.metaweather.api.AppTest" time="0.005"/>
</testsuite>